<?xml version="1.0" encoding="UTF-8"?>
<!-- Generated by org.testng.reporters.JUnitReportReporter -->
<testsuite hostname="HP-CORE-i7" failures="0" tests="1" name="com.testng.practice.FirstClass" time="7.298" errors="0" timestamp="2023-11-08T11:42:59 EST" skipped="0">
  <testcase classname="com.testng.practice.FirstClass" name="getMouseHover" time="7.298"/>
</testsuite> <!-- com.testng.practice.FirstClass -->
