<?xml version="1.0" encoding="UTF-8"?>
<!-- Generated by org.testng.reporters.JUnitReportReporter -->
<testsuite hostname="HP-CORE-i7" failures="0" tests="1" name="com.testng.practice.PracticeTestNGAnnotations" time="0.005" errors="0" timestamp="2023-10-28T02:00:37 EDT" skipped="0">
  <testcase classname="com.testng.practice.PracticeTestNGAnnotations" name="test" time="0.005"/>
</testsuite> <!-- com.testng.practice.PracticeTestNGAnnotations -->
