<?xml version="1.0" encoding="UTF-8"?>
<!-- Generated by org.testng.reporters.JUnitReportReporter -->
<testsuite hostname="HP-CORE-i7" failures="0" tests="1" name="com.testng.practice.CrossBrowserTestNG" time="5.776" errors="0" timestamp="2023-10-28T13:37:19 EDT" skipped="0">
  <testcase classname="com.testng.practice.CrossBrowserTestNG" name="crossBrowserCostco" time="5.776"/>
</testsuite> <!-- com.testng.practice.CrossBrowserTestNG -->
