<?xml version="1.0" encoding="UTF-8"?>
<!-- Generated by org.testng.reporters.JUnitReportReporter -->
<testsuite hostname="HP-CORE-i7" failures="0" tests="2" name="com.testng.practice.PracticeTestngMethods" time="0.008" errors="0" timestamp="2023-10-28T11:31:58 EDT" skipped="0">
  <testcase classname="com.testng.practice.PracticeTestngMethods" name="login" time="0.007"/>
  <testcase classname="com.testng.practice.PracticeTestngMethods" name="cart" time="0.001"/>
</testsuite> <!-- com.testng.practice.PracticeTestngMethods -->
