<?xml version="1.0" encoding="UTF-8"?>
<!-- Generated by org.testng.reporters.JUnitReportReporter -->
<testsuite hostname="HP-CORE-i7" failures="0" tests="1" name="com.testng.practice.SecondClass" time="20.347" errors="0" timestamp="2023-11-08T10:49:06 EST" skipped="0">
  <testcase classname="com.testng.practice.SecondClass" name="getSingIn" time="20.347"/>
</testsuite> <!-- com.testng.practice.SecondClass -->
