<?xml version="1.0" encoding="UTF-8"?>
<!-- Generated by org.testng.reporters.JUnitReportReporter -->
<testsuite hostname="HP-CORE-i7" failures="0" tests="9" name="com.testng.practice.PracticeTestngMethods" time="0.023" errors="0" timestamp="2023-11-08T10:54:13 EST" skipped="0">
  <testcase classname="com.testng.practice.PracticeTestngMethods" name="login" time="0.001"/>
  <testcase classname="com.testng.practice.PracticeTestngMethods" name="login" time="0.003"/>
  <testcase classname="com.testng.practice.PracticeTestngMethods" name="login" time="0.002"/>
  <testcase classname="com.testng.practice.PracticeTestngMethods" name="login" time="0.004"/>
  <testcase classname="com.testng.practice.PracticeTestngMethods" name="login" time="0.009"/>
  <testcase classname="com.testng.practice.PracticeTestngMethods" name="dress" time="0.002"/>
  <testcase classname="com.testng.practice.PracticeTestngMethods" name="cart" time="0.001"/>
  <testcase classname="com.testng.practice.PracticeTestngMethods" name="payment" time="0.001"/>
  <testcase classname="com.testng.practice.PracticeTestngMethods" name="placeOrder" time="0.000"/>
</testsuite> <!-- com.testng.practice.PracticeTestngMethods -->
